

================================================================
== Vivado HLS Report for 'simple_adder'
================================================================
* Date:           Mon Jan  7 09:31:09 2019

* Version:        2017.1 (Build 1846317 on Fri Apr 14 19:19:38 MDT 2017)
* Project:        proj_simple_adder
* Solution:       solution1
* Product family: zynq
* Target device:  xc7z020clg484-1


================================================================
== Performance Estimates
================================================================
+ Timing (ns): 
    * Summary: 
    +--------+-------+----------+------------+
    |  Clock | Target| Estimated| Uncertainty|
    +--------+-------+----------+------------+
    |ap_clk  |  10.00|      3.44|        1.25|
    +--------+-------+----------+------------+

+ Latency (clock cycles): 
    * Summary: 
    +-----+-----+-----+-----+----------+
    |  Latency  |  Interval | Pipeline |
    | min | max | min | max |   Type   |
    +-----+-----+-----+-----+----------+
    |    0|    0|    1|    1| function |
    +-----+-----+-----+-----+----------+

    + Detail: 
        * Instance: 
        N/A

        * Loop: 
        N/A

============================================================
+ Verbose Summary: Synthesis Manager
============================================================
InlineROM: 1
ExposeGlobal: 0
============================================================
+ Verbose Summary: CDFG Model
============================================================
IsTopModel: 1
ResetActiveHigh: 1
IsCombinational: 0
IsDatapathOnly: 0
HasWiredReturn: 1
HasMFsm: 2
HasVarLatency: 0
IsPipeline: 1
IsRtlPipelined: 0
IsInstanceOverlapped: 0
IsDontTouch: 0
HasImplIP: 0
IsGatedGlobalClock: 0

+ Individual pipeline summary: 
  * Pipeline-0: initiation interval (II) = 1, depth = 1


============================================================
+ Verbose Summary: Schedule
============================================================
* Number of FSM states: 1
* Pipeline: 1
  Pipeline-0: II = 1, D = 1, States = { 1 }
* Dataflow Pipeline: 0

* FSM state transitions: 
1 --> 
* FSM state operations: 

 <State 1>: 3.44ns
ST_1: StgValue_2 (3)  [1/1] 0.00ns
:0  call void (...)* @_ssdm_op_SpecBitsMap(i32 %a) nounwind, !map !7

ST_1: StgValue_3 (4)  [1/1] 0.00ns
:1  call void (...)* @_ssdm_op_SpecBitsMap(i32 %b) nounwind, !map !13

ST_1: StgValue_4 (5)  [1/1] 0.00ns
:2  call void (...)* @_ssdm_op_SpecBitsMap(i32 0) nounwind, !map !17

ST_1: StgValue_5 (6)  [1/1] 0.00ns
:3  call void (...)* @_ssdm_op_SpecTopModule([13 x i8]* @simple_adder_str) nounwind

ST_1: b_read (7)  [1/1] 0.00ns
:4  %b_read = call i32 @_ssdm_op_Read.ap_auto.i32(i32 %b) nounwind

ST_1: a_read (8)  [1/1] 0.00ns
:5  %a_read = call i32 @_ssdm_op_Read.ap_auto.i32(i32 %a) nounwind

ST_1: StgValue_8 (9)  [1/1] 0.00ns  loc: src/dut.cpp:2
:6  call void (...)* @_ssdm_op_SpecPipeline(i32 -1, i32 1, i32 1, i32 0, [1 x i8]* @p_str) nounwind

ST_1: c (10)  [1/1] 3.44ns  loc: src/dut.cpp:4
:7  %c = add nsw i32 %b_read, %a_read

ST_1: StgValue_10 (11)  [1/1] 0.00ns  loc: src/dut.cpp:5
:8  ret i32 %c



============================================================
+ Verbose Summary: Timing violations
============================================================
Target clock period: 10ns, clock uncertainty: 1.25ns.

 <State 1>: 3.44ns
The critical path consists of the following:
	wire read on port 'b' [7]  (0 ns)
	'add' operation ('c', src/dut.cpp:4) [10]  (3.44 ns)


============================================================
+ Verbose Summary: Binding
============================================================
N/A
* FSMD analyzer results:
  - Output states:
 - Input state : 
  - Chain level:
	State 1


============================================================
+ Verbose Summary: Datapath Resource usage 
============================================================
N/A
