10.634281
16.562254
8.820557
3.635764
10.683238
6.012231
9.708214
13.614907
8.750712
12.173843
12.710027
9.131813
12.724003
9.703830
5.607550
8.154609
9.519431
13.288582
11.756817
9.017497
10.756445
11.211822
7.983907
9.346828
8.115484
6.688495
11.297724
9.950457
10.426337
8.202343
7.204943
12.190204
9.586799
12.207162
13.087357
8.200894
12.312108
7.666297
11.914568
11.694415
11.954645
9.304565
14.092744
8.583208
9.537323
8.813071
8.715092
7.321168
7.915861
10.155347
8.327790
10.399878
8.826518
7.029499
6.552292
11.686183
12.058487
10.847030
13.103943
5.519253
7.861865
8.046124
5.505185
9.379389
13.035383
11.883308
5.740346
10.884296
8.254762
9.113574
6.394184
9.144835
6.470732
6.748222
7.598758
9.616060
9.543138
4.316645
9.610419
9.275745
18.542165
14.441308
8.664614
10.016911
10.845939
9.696912
15.769439
13.175022
13.450206
6.304894
10.127908
9.386344
12.145244
11.864620
0.309973
12.627832
10.235705
2.880880
5.777286
9.317387
13.163340
8.371843
10.452206
8.560286
5.731051
9.289635
7.489503
9.687827
8.360906
12.039910
10.190763
13.604455
12.714606
13.706554
12.041194
14.039929
8.415780
13.249833
10.681677
5.976293
10.499611
10.541164
7.529165
6.792166
10.082090
9.600483
5.762965
9.426851
9.272754
10.210393
11.043378
10.852749
17.355890
9.266900
11.347707
12.030470
10.719746
12.741621
7.296332
9.386383
8.633514
5.154713
12.209066
5.403222
8.042832
7.513777
11.658526
7.809873
9.632546
9.860156
14.385555
6.108806
10.544842
10.428044
11.597818
6.622203
15.995985
5.837140
12.121676
12.823247
6.766432
5.192240
10.725106
7.498557
5.482513
8.730357
14.158223
13.108174
6.392057
12.894231
8.225696
9.816070
10.581836
8.758150
14.490389
9.552233
3.868619
11.252706
11.518517
15.896971
9.850714
13.334812
8.454566
10.895220
8.009397
5.439443
8.657985
9.800514
9.655300
7.282317
10.884387
8.470341
3.618140
7.482503
9.987324
11.502374
9.447294
10.965872
10.901357
7.829984
8.988153
8.968530
9.548009
13.299079
11.780913
9.033835
11.192056
15.190004
6.751278
6.003664
12.411855
11.853269
14.252945
9.567739
7.582495
16.189445
13.657634
15.955824
12.201470
12.007981
7.561146
8.716011
7.166336
10.776875
7.889170
13.073912
13.855386
10.425356
11.180956
13.410214
13.376852
11.633196
9.092036
8.503683
5.049325
8.351878
13.147371
5.452223
9.323915
13.897474
9.258209
10.197506
14.939273
6.290789
7.792284
14.382213
7.657593
13.260089
7.910146
11.455659
15.847484
9.257096
6.185081
10.909921
11.000094
10.130642
10.139825
9.457609
12.106734
11.309071
16.587256
8.136970
12.362557
9.584027
8.586415
4.249094
7.355820
10.076886
11.979498
10.055281
7.185674
8.623268
6.567841
8.259128
12.866990
11.928084
4.880811
11.182260
8.717467
13.538898
6.691592
12.825133
11.796056
13.259821
11.667374
5.151678
14.261944
12.198910
10.521755
10.717998
8.227119
9.638381
7.813339
11.678690
5.400905
6.352879
10.636596
6.675061
8.930944
6.382493
15.278939
12.199594
13.516472
9.133967
15.900557
13.308042
7.339258
14.795072
13.452914
8.361348
4.995152
9.957332
3.374659
11.277945
9.511882
6.696396
9.746593
10.022997
12.391454
13.491179
7.039771
10.811591
11.232333
11.436143
12.704910
8.302865
8.845261
10.880302
15.565573
9.491805
12.833628
9.941382
12.325926
14.427568
12.154691
11.023167
8.939550
9.715498
10.587803
6.335989
10.058416
4.455352
10.119281
7.839373
10.707020
6.721762
10.593997
8.667107
6.000330
8.469753
12.448282
2.183130
12.043607
10.070177
4.766299
4.654768
8.224643
13.402575
9.985721
13.635979
14.518036
7.010599
13.250443
8.518398
7.581158
6.609512
9.023024
13.678887
10.032312
7.479332
6.108984
7.281539
11.833322
11.023226
7.949591
11.599996
8.111506
8.143166
7.724801
7.562928
7.812771
13.909462
9.229661
2.851461
10.655935
9.874950
10.746052
12.188701
8.671849
10.611499
9.528125
5.450461
9.785216
7.647813
11.220216
9.255147
10.511924
3.734430
8.733351
9.728510
9.199777
8.942344
5.231422
7.899349
8.939406
14.050365
14.332442
8.609599
8.291134
8.054578
12.251835
9.999666
6.195931
9.236772
14.733288
13.972304
6.928709
10.985305
11.543486
10.478979
13.936275
9.811417
11.989283
7.099994
4.001665
15.118118
12.345846
3.362887
9.872647
10.644594
9.603593
14.401408
4.488747
9.158280
9.052722
6.928508
6.791089
6.138364
11.803884
11.520653
9.253881
6.414037
5.284198
8.343024
6.070178
10.043228
13.708462
5.118957
8.394774
4.803316
7.607309
9.931811
13.352382
8.307943
14.355392
12.579806
12.008944
8.257898
14.138897
6.323457
5.526595
13.068166
7.053303
9.990987
9.382761
6.541671
6.745949
15.059926
12.146771
10.299217
10.227479
11.812733
9.311990
13.214370
5.865005
8.370792
13.638717
11.305414
12.003313
6.758239
8.443538
13.451089
9.221853
10.059757
-0.743220
10.491982
9.957098
10.879697
12.738314
13.293277
10.477419
9.321477
10.303695
12.066028
6.306373
7.550793
7.688553
8.902323
14.041874
13.684202
11.976451
8.935848
14.459619
12.467688
4.670010
9.479937
5.631663
13.371645
8.502695
12.619632
10.770144
6.915444
12.982490
10.964582
14.245428
7.153514
7.796555
7.993204
13.128780
8.521952
13.972781
14.079770
9.459065
5.997466
9.374063
10.280914
6.739963
8.633649
-2.173991
11.007269
10.005629
10.289008
8.283259
5.484570
6.966263
12.345477
13.699813
15.391557
11.393355
13.705472
10.495968
11.463455
12.179947
10.004996
11.223887
12.434120
11.546540
8.757978
12.801952
13.045054
11.741586
6.057389
9.919292
9.981452
7.247155
8.671692
6.597786
7.805583
9.251305
8.714173
8.302076
6.070469
5.262335
6.879962
7.042884
8.879333
1.653180
7.667870
6.082865
-0.232528
6.274422
11.344775
14.292905
7.460018
8.349417
15.419045
6.540655
5.756436
14.409420
6.496709
4.201920
13.144201
12.429501
8.871868
6.557132
9.714870
4.449167
10.197658
9.810673
10.012003
17.669446
10.021068
11.697893
10.947827
11.950445
11.011726
5.968585
14.391624
9.882104
9.213109
7.125953
14.886888
13.039348
8.754224
7.960597
12.308620
5.225303
10.459098
10.027901
9.413756
9.889424
12.894609
10.792140
6.351919
10.318147
8.469725
10.831792
14.668371
12.609016
6.264039
11.246389
11.160944
13.730616
9.210711
12.616872
6.481995
10.173153
8.737315
12.322354
11.094396
9.355422
12.300516
10.847826
4.973525
13.633679
8.796673
7.813032
12.716720
10.582779
9.561610
8.807747
8.420320
10.264825
8.275351
13.787236
10.131586
10.104120
18.112575
17.679216
9.615364
12.246758
6.304396
6.963179
2.048068
12.688579
7.530256
13.246698
10.061009
3.844293
0.674898
7.685875
10.236096
6.424433
10.546118
19.549765
11.238125
16.318089
8.059229
12.073177
13.265278
8.005226
9.487688
14.088402
10.774531
8.856821
9.321693
9.459967
11.440524
7.430404
12.913067
8.761367
13.879962
6.093218
8.387369
11.058337
8.654482
9.389517
10.897017
12.734478
6.751738
11.650850
4.744976
15.100173
11.527897
7.162097
9.096805
6.902779
10.001576
14.381471
9.138752
14.044462
14.823597
9.811420
7.002248
7.503121
13.587174
13.539941
11.224261
12.900392
13.076293
6.796496
14.525001
9.518067
8.001824
7.915298
11.942907
11.079969
11.330983
7.634715
10.376581
5.719662
8.469844
9.330883
9.668216
8.213352
5.299388
6.543207
13.822787
11.210532
8.298342
5.600391
10.433023
13.520198
12.414787
9.312425
14.136532
10.886879
9.494099
11.306559
11.343007
10.998105
12.539729
14.415981
9.988054
5.476836
4.455457
12.972740
13.001225
18.611668
6.280200
12.156250
7.343286
10.862174
11.200139
9.574594
7.867673
10.616888
7.480511
8.719253
9.290500
8.456205
8.090439
10.505765
10.271458
7.796101
10.505480
9.908327
6.177250
10.460175
8.110318
8.821571
10.877222
14.099625
5.868601
12.746873
8.846871
7.955884
15.381983
9.905916
8.924279
10.208723
10.166385
11.192678
8.439494
9.386568
17.233311
6.393740
7.742341
14.017922
6.356943
9.427972
10.217028
8.751349
10.220735
7.886221
8.576556
10.769266
6.476316
12.608632
7.429146
14.681656
9.292901
13.623058
10.656550
10.144970
10.556829
12.149099
9.903880
10.766211
9.728051
10.115556
10.706340
10.255923
13.187589
13.952454
13.531099
12.516655
5.862623
11.685391
11.518116
12.656912
12.362218
14.561676
11.970332
14.052850
8.013805
12.095717
12.969147
12.380164
12.511814
4.248088
2.358638
9.439645
15.577634
14.024512
5.869913
7.309162
8.459775
16.026924
6.689570
13.686955
13.715021
5.551223
10.700880
10.972695
12.904659
7.826186
8.418937
7.247044
5.901655
5.804983
10.501333
9.753541
8.412293
14.023586
11.625292
11.726494
18.020103
6.765427
9.485888
6.683919
7.340761
11.627157
10.483924
6.318570
16.676169
15.244510
11.860277
10.369400
7.547790
9.467440
9.603128
7.853238
10.718437
7.857868
9.450014
6.913518
14.312391
8.011785
10.485389
8.990219
11.372423
7.818772
7.778198
6.328292
11.851121
11.285652
9.370800
14.170096
8.151443
9.491614
12.943229
12.862256
14.548322
7.436023
11.091849
7.677968
13.217769
7.963278
12.130657
8.731270
10.484184
13.844138
7.080732
12.854559
3.420983
8.489427
10.246504
13.830065
11.515090
11.139873
8.617736
14.544512
7.771027
4.975775
13.141101
10.354836
11.312519
12.059410
10.660935
8.453355
11.910637
13.377811
5.790605
11.848723
12.827079
10.590090
9.309948
7.892088
7.860446
6.768750
7.151222
14.936817
7.517597
8.829224
11.919603
9.747710
7.995946
11.083142
8.391587
8.723268
9.144297
11.546925
7.633788
11.553255
10.474834
12.587750
10.428599
10.414713
13.794141
4.445729
10.034507
10.105544
13.910328
13.220482
8.248028
12.604449
10.512122
10.091240
7.445367
11.465095
7.528863
13.221078
13.327553
8.743132
12.497179
11.979392
6.810927
9.439178
7.332538
7.698961
9.661018
5.744908
9.774686
12.061772
8.989896
8.225965
8.885259
9.628110
6.973862
10.874440
7.337654
5.732435
10.889187
15.536208
10.794354
10.320699
5.899442
7.474462
8.762677
7.016415
11.841167
11.725295
6.524294
8.593169
10.124185
11.879375
12.206703
9.753127
14.324619
