================================================================
  Vivado(TM) HLS - High-Level Synthesis from C, C++ and SystemC
  Version 2017.1
  Build 1846317 on Fri Apr 14 19:19:38 MDT 2017
  Copyright (C) 1986-2017 Xilinx, Inc. All Rights Reserved.
================================================================
INFO: [HLS 200-10] Running '/opt/Xilinx/Vivado_HLS/2017.1/bin/unwrapped/lnx64.o/vivado_hls'
INFO: [HLS 200-10] For user 'ben' on host 'localhost' (Linux_x86_64 version 3.10.0-514.21.1.el7.x86_64) on Mon Jan 07 09:31:58 NZDT 2019
INFO: [HLS 200-10] In directory '/mnt/centos_share/Vivado_Projects/hlsclt/hlsclt/examples/simple_adder'
INFO: [HLS 200-10] Opening project '/mnt/centos_share/Vivado_Projects/hlsclt/hlsclt/examples/simple_adder/proj_simple_adder'.
INFO: [HLS 200-10] Adding design file 'src/dut.h' to the project
INFO: [HLS 200-10] Adding design file 'src/dut.cpp' to the project
INFO: [HLS 200-10] Adding test bench file 'tb/testbench.cpp' to the project
INFO: [HLS 200-10] Creating and opening solution '/mnt/centos_share/Vivado_Projects/hlsclt/hlsclt/examples/simple_adder/proj_simple_adder/solution2'.
INFO: [HLS 200-10] Cleaning up the solution database.
INFO: [HLS 200-10] Setting target device to 'xc7z020clg484-1'
INFO: [SYN 201-201] Setting up clock 'default' with a period of 10ns.
INFO: [HLS 200-10] Analyzing design file 'src/dut.cpp' ... 
INFO: [HLS 200-10] Validating synthesis directives ...
INFO: [HLS 200-111] Finished Checking Pragmas Time (s): cpu = 00:00:02 ; elapsed = 00:00:02 . Memory (MB): peak = 438.234 ; gain = 12.590 ; free physical = 2630 ; free virtual = 11202
INFO: [HLS 200-111] Finished Linking Time (s): cpu = 00:00:02 ; elapsed = 00:00:02 . Memory (MB): peak = 438.234 ; gain = 12.590 ; free physical = 2630 ; free virtual = 11202
INFO: [HLS 200-10] Starting code transformations ...
INFO: [HLS 200-111] Finished Standard Transforms Time (s): cpu = 00:00:02 ; elapsed = 00:00:02 . Memory (MB): peak = 438.234 ; gain = 12.590 ; free physical = 2629 ; free virtual = 11200
INFO: [HLS 200-10] Checking synthesizability ...
INFO: [HLS 200-111] Finished Checking Synthesizability Time (s): cpu = 00:00:02 ; elapsed = 00:00:02 . Memory (MB): peak = 438.234 ; gain = 12.590 ; free physical = 2629 ; free virtual = 11201
INFO: [HLS 200-111] Finished Pre-synthesis Time (s): cpu = 00:00:02 ; elapsed = 00:00:02 . Memory (MB): peak = 566.230 ; gain = 140.586 ; free physical = 2611 ; free virtual = 11182
INFO: [HLS 200-111] Finished Architecture Synthesis Time (s): cpu = 00:00:02 ; elapsed = 00:00:03 . Memory (MB): peak = 566.230 ; gain = 140.586 ; free physical = 2618 ; free virtual = 11190
INFO: [HLS 200-10] Starting hardware synthesis ...
INFO: [HLS 200-10] Synthesizing 'simple_adder' ...
INFO: [HLS 200-10] ----------------------------------------------------------------
INFO: [HLS 200-10] -- Implementing module 'simple_adder' 
INFO: [HLS 200-10] ----------------------------------------------------------------
INFO: [SCHED 204-11] Starting scheduling ...
INFO: [SCHED 204-61] Pipelining function 'simple_adder'.
INFO: [SCHED 204-61] Pipelining result: Target II: 1, Final II: 1, Depth: 1.
INFO: [SCHED 204-11] Finished scheduling.
INFO: [HLS 200-111]  Elapsed time: 2.54 seconds; current allocated memory: 56.566 MB.
INFO: [BIND 205-100] Starting micro-architecture generation ...
INFO: [BIND 205-101] Performing variable lifetime analysis.
INFO: [BIND 205-101] Exploring resource sharing.
INFO: [BIND 205-101] Binding ...
INFO: [BIND 205-100] Finished micro-architecture generation.
INFO: [HLS 200-111]  Elapsed time: 0.02 seconds; current allocated memory: 56.648 MB.
INFO: [HLS 200-10] ----------------------------------------------------------------
INFO: [HLS 200-10] -- Generating RTL for module 'simple_adder' 
INFO: [HLS 200-10] ----------------------------------------------------------------
INFO: [RTGEN 206-500] Setting interface mode on port 'simple_adder/a' to 'ap_none'.
INFO: [RTGEN 206-500] Setting interface mode on port 'simple_adder/b' to 'ap_none'.
INFO: [RTGEN 206-500] Setting interface mode on function 'simple_adder' to 'ap_ctrl_hs'.
INFO: [RTGEN 206-100] Finished creating RTL model for 'simple_adder'.
INFO: [HLS 200-111]  Elapsed time: 0.03 seconds; current allocated memory: 56.758 MB.
INFO: [HLS 200-111] Finished generating all RTL models Time (s): cpu = 00:00:02 ; elapsed = 00:00:03 . Memory (MB): peak = 566.230 ; gain = 140.586 ; free physical = 2616 ; free virtual = 11187
INFO: [SYSC 207-301] Generating SystemC RTL for simple_adder.
INFO: [VHDL 208-304] Generating VHDL RTL for simple_adder.
INFO: [VLOG 209-307] Generating Verilog RTL for simple_adder.
INFO: [HLS 200-112] Total elapsed time: 2.91 seconds; peak allocated memory: 56.758 MB.
